{
  "uid" : "412099d6bea47623",
  "name" : "verifySearchBookAuthor",
  "fullName" : "AuthorTests.verifySearchBookAuthor",
  "historyId" : "5e6f2363633e6d1582a36fcaf80ba29b",
  "time" : {
    "start" : 1629104549186,
    "stop" : 1629104549206,
    "duration" : 20
  },
  "status" : "failed",
  "statusMessage" : "\nStatus code is: '404'\nResponse: '{\"timeStamp\":\"12:02:29.203 16-08-2021\",\"statusCode\":404,\"error\":\"Not Found\",\"errorMessage\":\"Book with 'bookId' = '331' doesn't exist!\"}' expected [200] but found [404]",
  "statusTrace" : "java.lang.AssertionError: \nStatus code is: '404'\nResponse: '{\"timeStamp\":\"12:02:29.203 16-08-2021\",\"statusCode\":404,\"error\":\"Not Found\",\"errorMessage\":\"Book with 'bookId' = '331' doesn't exist!\"}' expected [200] but found [404]\r\n\tat org.testng.Assert.fail(Assert.java:99)\r\n\tat org.testng.Assert.failNotEquals(Assert.java:1037)\r\n\tat org.testng.Assert.assertEqualsImpl(Assert.java:140)\r\n\tat org.testng.Assert.assertEquals(Assert.java:122)\r\n\tat org.testng.Assert.assertEquals(Assert.java:907)\r\n\tat BaseTest.verifyResponse(BaseTest.java:35)\r\n\tat AuthorTests.verifySearchBookAuthor(AuthorTests.java:68)\r\n\tat sun.reflect.NativeMethodAccessorImpl.invoke0(Native Method)\r\n\tat sun.reflect.NativeMethodAccessorImpl.invoke(NativeMethodAccessorImpl.java:62)\r\n\tat sun.reflect.DelegatingMethodAccessorImpl.invoke(DelegatingMethodAccessorImpl.java:43)\r\n\tat java.lang.reflect.Method.invoke(Method.java:498)\r\n\tat org.testng.internal.MethodInvocationHelper.invokeMethod(MethodInvocationHelper.java:133)\r\n\tat org.testng.internal.TestInvoker.invokeMethod(TestInvoker.java:598)\r\n\tat org.testng.internal.TestInvoker.invokeTestMethod(TestInvoker.java:173)\r\n\tat org.testng.internal.MethodRunner.runInSequence(MethodRunner.java:46)\r\n\tat org.testng.internal.TestInvoker$MethodInvocationAgent.invoke(TestInvoker.java:824)\r\n\tat org.testng.internal.TestInvoker.invokeTestMethods(TestInvoker.java:146)\r\n\tat org.testng.internal.TestMethodWorker.invokeTestMethods(TestMethodWorker.java:146)\r\n\tat org.testng.internal.TestMethodWorker.run(TestMethodWorker.java:128)\r\n\tat java.util.ArrayList.forEach(ArrayList.java:1257)\r\n\tat org.testng.TestRunner.privateRun(TestRunner.java:794)\r\n\tat org.testng.TestRunner.run(TestRunner.java:596)\r\n\tat org.testng.SuiteRunner.runTest(SuiteRunner.java:377)\r\n\tat org.testng.SuiteRunner.runSequentially(SuiteRunner.java:371)\r\n\tat org.testng.SuiteRunner.privateRun(SuiteRunner.java:332)\r\n\tat org.testng.SuiteRunner.run(SuiteRunner.java:276)\r\n\tat org.testng.SuiteRunnerWorker.runSuite(SuiteRunnerWorker.java:53)\r\n\tat org.testng.SuiteRunnerWorker.run(SuiteRunnerWorker.java:96)\r\n\tat org.testng.TestNG.runSuitesSequentially(TestNG.java:1212)\r\n\tat org.testng.TestNG.runSuitesLocally(TestNG.java:1134)\r\n\tat org.testng.TestNG.runSuites(TestNG.java:1063)\r\n\tat org.testng.TestNG.run(TestNG.java:1031)\r\n\tat com.intellij.rt.testng.IDEARemoteTestNG.run(IDEARemoteTestNG.java:66)\r\n\tat com.intellij.rt.testng.RemoteTestNGStarter.main(RemoteTestNGStarter.java:110)\r\n",
  "flaky" : false,
  "newFailed" : false,
  "beforeStages" : [ {
    "name" : "beforeMethod",
    "time" : {
      "start" : 1629104544556,
      "stop" : 1629104545507,
      "duration" : 951
    },
    "description" : "",
    "status" : "passed",
    "steps" : [ ],
    "attachments" : [ ],
    "parameters" : [ ],
    "hasContent" : false,
    "stepsCount" : 0,
    "shouldDisplayMessage" : false,
    "attachmentsCount" : 0
  } ],
  "testStage" : {
    "status" : "failed",
    "statusMessage" : "\nStatus code is: '404'\nResponse: '{\"timeStamp\":\"12:02:29.203 16-08-2021\",\"statusCode\":404,\"error\":\"Not Found\",\"errorMessage\":\"Book with 'bookId' = '331' doesn't exist!\"}' expected [200] but found [404]",
    "statusTrace" : "java.lang.AssertionError: \nStatus code is: '404'\nResponse: '{\"timeStamp\":\"12:02:29.203 16-08-2021\",\"statusCode\":404,\"error\":\"Not Found\",\"errorMessage\":\"Book with 'bookId' = '331' doesn't exist!\"}' expected [200] but found [404]\r\n\tat org.testng.Assert.fail(Assert.java:99)\r\n\tat org.testng.Assert.failNotEquals(Assert.java:1037)\r\n\tat org.testng.Assert.assertEqualsImpl(Assert.java:140)\r\n\tat org.testng.Assert.assertEquals(Assert.java:122)\r\n\tat org.testng.Assert.assertEquals(Assert.java:907)\r\n\tat BaseTest.verifyResponse(BaseTest.java:35)\r\n\tat AuthorTests.verifySearchBookAuthor(AuthorTests.java:68)\r\n\tat sun.reflect.NativeMethodAccessorImpl.invoke0(Native Method)\r\n\tat sun.reflect.NativeMethodAccessorImpl.invoke(NativeMethodAccessorImpl.java:62)\r\n\tat sun.reflect.DelegatingMethodAccessorImpl.invoke(DelegatingMethodAccessorImpl.java:43)\r\n\tat java.lang.reflect.Method.invoke(Method.java:498)\r\n\tat org.testng.internal.MethodInvocationHelper.invokeMethod(MethodInvocationHelper.java:133)\r\n\tat org.testng.internal.TestInvoker.invokeMethod(TestInvoker.java:598)\r\n\tat org.testng.internal.TestInvoker.invokeTestMethod(TestInvoker.java:173)\r\n\tat org.testng.internal.MethodRunner.runInSequence(MethodRunner.java:46)\r\n\tat org.testng.internal.TestInvoker$MethodInvocationAgent.invoke(TestInvoker.java:824)\r\n\tat org.testng.internal.TestInvoker.invokeTestMethods(TestInvoker.java:146)\r\n\tat org.testng.internal.TestMethodWorker.invokeTestMethods(TestMethodWorker.java:146)\r\n\tat org.testng.internal.TestMethodWorker.run(TestMethodWorker.java:128)\r\n\tat java.util.ArrayList.forEach(ArrayList.java:1257)\r\n\tat org.testng.TestRunner.privateRun(TestRunner.java:794)\r\n\tat org.testng.TestRunner.run(TestRunner.java:596)\r\n\tat org.testng.SuiteRunner.runTest(SuiteRunner.java:377)\r\n\tat org.testng.SuiteRunner.runSequentially(SuiteRunner.java:371)\r\n\tat org.testng.SuiteRunner.privateRun(SuiteRunner.java:332)\r\n\tat org.testng.SuiteRunner.run(SuiteRunner.java:276)\r\n\tat org.testng.SuiteRunnerWorker.runSuite(SuiteRunnerWorker.java:53)\r\n\tat org.testng.SuiteRunnerWorker.run(SuiteRunnerWorker.java:96)\r\n\tat org.testng.TestNG.runSuitesSequentially(TestNG.java:1212)\r\n\tat org.testng.TestNG.runSuitesLocally(TestNG.java:1134)\r\n\tat org.testng.TestNG.runSuites(TestNG.java:1063)\r\n\tat org.testng.TestNG.run(TestNG.java:1031)\r\n\tat com.intellij.rt.testng.IDEARemoteTestNG.run(IDEARemoteTestNG.java:66)\r\n\tat com.intellij.rt.testng.RemoteTestNGStarter.main(RemoteTestNGStarter.java:110)\r\n",
    "steps" : [ {
      "name" : "getEntityOfAnotherSpecialEntity",
      "time" : {
        "start" : 1629104549186,
        "stop" : 1629104549205,
        "duration" : 19
      },
      "status" : "passed",
      "steps" : [ ],
      "attachments" : [ ],
      "parameters" : [ {
        "name" : "entity",
        "value" : "author"
      }, {
        "name" : "specEntity",
        "value" : "book"
      }, {
        "name" : "specEntityId",
        "value" : "331"
      } ],
      "hasContent" : true,
      "stepsCount" : 0,
      "shouldDisplayMessage" : false,
      "attachmentsCount" : 0
    } ],
    "attachments" : [ ],
    "parameters" : [ ],
    "hasContent" : true,
    "stepsCount" : 1,
    "shouldDisplayMessage" : true,
    "attachmentsCount" : 0
  },
  "afterStages" : [ ],
  "labels" : [ {
    "name" : "package",
    "value" : "AuthorTests"
  }, {
    "name" : "testClass",
    "value" : "AuthorTests"
  }, {
    "name" : "testMethod",
    "value" : "verifySearchBookAuthor"
  }, {
    "name" : "parentSuite",
    "value" : "Default Suite"
  }, {
    "name" : "suite",
    "value" : "TA_SS_REST_test_framework"
  }, {
    "name" : "subSuite",
    "value" : "AuthorTests"
  }, {
    "name" : "host",
    "value" : "Kompukter"
  }, {
    "name" : "thread",
    "value" : "11596@Kompukter.main(1)"
  }, {
    "name" : "framework",
    "value" : "testng"
  }, {
    "name" : "language",
    "value" : "java"
  }, {
    "name" : "resultFormat",
    "value" : "allure2"
  } ],
  "parameters" : [ {
    "name" : "arg0",
    "value" : "331"
  } ],
  "links" : [ ],
  "hidden" : false,
  "retry" : false,
  "extra" : {
    "severity" : "normal",
    "retries" : [ {
      "uid" : "9d54f6486b8c3c75",
      "status" : "passed",
      "time" : {
        "start" : 1629059789541,
        "stop" : 1629059789561,
        "duration" : 20
      }
    }, {
      "uid" : "46fb256f8a024999",
      "status" : "passed",
      "time" : {
        "start" : 1629059333719,
        "stop" : 1629059333738,
        "duration" : 19
      }
    }, {
      "uid" : "258297364c357072",
      "status" : "passed",
      "time" : {
        "start" : 1629059191391,
        "stop" : 1629059191414,
        "duration" : 23
      }
    }, {
      "uid" : "1c03ccd018f2c8ff",
      "status" : "passed",
      "time" : {
        "start" : 1629058752809,
        "stop" : 1629058752823,
        "duration" : 14
      }
    }, {
      "uid" : "667bdb69797b0c83",
      "status" : "passed",
      "time" : {
        "start" : 1629058505609,
        "stop" : 1629058505625,
        "duration" : 16
      }
    }, {
      "uid" : "fe2c6f5e0a3eb639",
      "status" : "passed",
      "time" : {
        "start" : 1629058371947,
        "stop" : 1629058371963,
        "duration" : 16
      }
    }, {
      "uid" : "dd973e00d6c2bbf2",
      "status" : "passed",
      "time" : {
        "start" : 1629057048552,
        "stop" : 1629057048578,
        "duration" : 26
      }
    } ],
    "categories" : [ {
      "name" : "Product defects",
      "matchedStatuses" : [ "failed" ],
      "flaky" : false
    } ],
    "tags" : [ ]
  },
  "source" : "412099d6bea47623.json",
  "parameterValues" : [ "331" ]
}