{
  "uid" : "b00b8c4b996fda16",
  "name" : "verifySearchBookAuthor",
  "fullName" : "AuthorTests.verifySearchBookAuthor",
  "historyId" : "f0b085c780a3ed1814ab5505607afeff",
  "time" : {
    "start" : 1629104549150,
    "stop" : 1629104549182,
    "duration" : 32
  },
  "status" : "failed",
  "statusMessage" : "\nStatus code is: '404'\nResponse: '{\"timeStamp\":\"12:02:29.168 16-08-2021\",\"statusCode\":404,\"error\":\"Not Found\",\"errorMessage\":\"Book with 'bookId' = '288' doesn't exist!\"}' expected [200] but found [404]",
  "statusTrace" : "java.lang.AssertionError: \nStatus code is: '404'\nResponse: '{\"timeStamp\":\"12:02:29.168 16-08-2021\",\"statusCode\":404,\"error\":\"Not Found\",\"errorMessage\":\"Book with 'bookId' = '288' doesn't exist!\"}' expected [200] but found [404]\r\n\tat org.testng.Assert.fail(Assert.java:99)\r\n\tat org.testng.Assert.failNotEquals(Assert.java:1037)\r\n\tat org.testng.Assert.assertEqualsImpl(Assert.java:140)\r\n\tat org.testng.Assert.assertEquals(Assert.java:122)\r\n\tat org.testng.Assert.assertEquals(Assert.java:907)\r\n\tat BaseTest.verifyResponse(BaseTest.java:35)\r\n\tat AuthorTests.verifySearchBookAuthor(AuthorTests.java:68)\r\n\tat sun.reflect.NativeMethodAccessorImpl.invoke0(Native Method)\r\n\tat sun.reflect.NativeMethodAccessorImpl.invoke(NativeMethodAccessorImpl.java:62)\r\n\tat sun.reflect.DelegatingMethodAccessorImpl.invoke(DelegatingMethodAccessorImpl.java:43)\r\n\tat java.lang.reflect.Method.invoke(Method.java:498)\r\n\tat org.testng.internal.MethodInvocationHelper.invokeMethod(MethodInvocationHelper.java:133)\r\n\tat org.testng.internal.TestInvoker.invokeMethod(TestInvoker.java:598)\r\n\tat org.testng.internal.TestInvoker.invokeTestMethod(TestInvoker.java:173)\r\n\tat org.testng.internal.MethodRunner.runInSequence(MethodRunner.java:46)\r\n\tat org.testng.internal.TestInvoker$MethodInvocationAgent.invoke(TestInvoker.java:824)\r\n\tat org.testng.internal.TestInvoker.invokeTestMethods(TestInvoker.java:146)\r\n\tat org.testng.internal.TestMethodWorker.invokeTestMethods(TestMethodWorker.java:146)\r\n\tat org.testng.internal.TestMethodWorker.run(TestMethodWorker.java:128)\r\n\tat java.util.ArrayList.forEach(ArrayList.java:1257)\r\n\tat org.testng.TestRunner.privateRun(TestRunner.java:794)\r\n\tat org.testng.TestRunner.run(TestRunner.java:596)\r\n\tat org.testng.SuiteRunner.runTest(SuiteRunner.java:377)\r\n\tat org.testng.SuiteRunner.runSequentially(SuiteRunner.java:371)\r\n\tat org.testng.SuiteRunner.privateRun(SuiteRunner.java:332)\r\n\tat org.testng.SuiteRunner.run(SuiteRunner.java:276)\r\n\tat org.testng.SuiteRunnerWorker.runSuite(SuiteRunnerWorker.java:53)\r\n\tat org.testng.SuiteRunnerWorker.run(SuiteRunnerWorker.java:96)\r\n\tat org.testng.TestNG.runSuitesSequentially(TestNG.java:1212)\r\n\tat org.testng.TestNG.runSuitesLocally(TestNG.java:1134)\r\n\tat org.testng.TestNG.runSuites(TestNG.java:1063)\r\n\tat org.testng.TestNG.run(TestNG.java:1031)\r\n\tat com.intellij.rt.testng.IDEARemoteTestNG.run(IDEARemoteTestNG.java:66)\r\n\tat com.intellij.rt.testng.RemoteTestNGStarter.main(RemoteTestNGStarter.java:110)\r\n",
  "flaky" : false,
  "newFailed" : false,
  "beforeStages" : [ {
    "name" : "beforeMethod",
    "time" : {
      "start" : 1629104544556,
      "stop" : 1629104545507,
      "duration" : 951
    },
    "description" : "",
    "status" : "passed",
    "steps" : [ ],
    "attachments" : [ ],
    "parameters" : [ ],
    "hasContent" : false,
    "stepsCount" : 0,
    "shouldDisplayMessage" : false,
    "attachmentsCount" : 0
  } ],
  "testStage" : {
    "status" : "failed",
    "statusMessage" : "\nStatus code is: '404'\nResponse: '{\"timeStamp\":\"12:02:29.168 16-08-2021\",\"statusCode\":404,\"error\":\"Not Found\",\"errorMessage\":\"Book with 'bookId' = '288' doesn't exist!\"}' expected [200] but found [404]",
    "statusTrace" : "java.lang.AssertionError: \nStatus code is: '404'\nResponse: '{\"timeStamp\":\"12:02:29.168 16-08-2021\",\"statusCode\":404,\"error\":\"Not Found\",\"errorMessage\":\"Book with 'bookId' = '288' doesn't exist!\"}' expected [200] but found [404]\r\n\tat org.testng.Assert.fail(Assert.java:99)\r\n\tat org.testng.Assert.failNotEquals(Assert.java:1037)\r\n\tat org.testng.Assert.assertEqualsImpl(Assert.java:140)\r\n\tat org.testng.Assert.assertEquals(Assert.java:122)\r\n\tat org.testng.Assert.assertEquals(Assert.java:907)\r\n\tat BaseTest.verifyResponse(BaseTest.java:35)\r\n\tat AuthorTests.verifySearchBookAuthor(AuthorTests.java:68)\r\n\tat sun.reflect.NativeMethodAccessorImpl.invoke0(Native Method)\r\n\tat sun.reflect.NativeMethodAccessorImpl.invoke(NativeMethodAccessorImpl.java:62)\r\n\tat sun.reflect.DelegatingMethodAccessorImpl.invoke(DelegatingMethodAccessorImpl.java:43)\r\n\tat java.lang.reflect.Method.invoke(Method.java:498)\r\n\tat org.testng.internal.MethodInvocationHelper.invokeMethod(MethodInvocationHelper.java:133)\r\n\tat org.testng.internal.TestInvoker.invokeMethod(TestInvoker.java:598)\r\n\tat org.testng.internal.TestInvoker.invokeTestMethod(TestInvoker.java:173)\r\n\tat org.testng.internal.MethodRunner.runInSequence(MethodRunner.java:46)\r\n\tat org.testng.internal.TestInvoker$MethodInvocationAgent.invoke(TestInvoker.java:824)\r\n\tat org.testng.internal.TestInvoker.invokeTestMethods(TestInvoker.java:146)\r\n\tat org.testng.internal.TestMethodWorker.invokeTestMethods(TestMethodWorker.java:146)\r\n\tat org.testng.internal.TestMethodWorker.run(TestMethodWorker.java:128)\r\n\tat java.util.ArrayList.forEach(ArrayList.java:1257)\r\n\tat org.testng.TestRunner.privateRun(TestRunner.java:794)\r\n\tat org.testng.TestRunner.run(TestRunner.java:596)\r\n\tat org.testng.SuiteRunner.runTest(SuiteRunner.java:377)\r\n\tat org.testng.SuiteRunner.runSequentially(SuiteRunner.java:371)\r\n\tat org.testng.SuiteRunner.privateRun(SuiteRunner.java:332)\r\n\tat org.testng.SuiteRunner.run(SuiteRunner.java:276)\r\n\tat org.testng.SuiteRunnerWorker.runSuite(SuiteRunnerWorker.java:53)\r\n\tat org.testng.SuiteRunnerWorker.run(SuiteRunnerWorker.java:96)\r\n\tat org.testng.TestNG.runSuitesSequentially(TestNG.java:1212)\r\n\tat org.testng.TestNG.runSuitesLocally(TestNG.java:1134)\r\n\tat org.testng.TestNG.runSuites(TestNG.java:1063)\r\n\tat org.testng.TestNG.run(TestNG.java:1031)\r\n\tat com.intellij.rt.testng.IDEARemoteTestNG.run(IDEARemoteTestNG.java:66)\r\n\tat com.intellij.rt.testng.RemoteTestNGStarter.main(RemoteTestNGStarter.java:110)\r\n",
    "steps" : [ {
      "name" : "getEntityOfAnotherSpecialEntity",
      "time" : {
        "start" : 1629104549150,
        "stop" : 1629104549169,
        "duration" : 19
      },
      "status" : "passed",
      "steps" : [ ],
      "attachments" : [ ],
      "parameters" : [ {
        "name" : "entity",
        "value" : "author"
      }, {
        "name" : "specEntity",
        "value" : "book"
      }, {
        "name" : "specEntityId",
        "value" : "288"
      } ],
      "hasContent" : true,
      "stepsCount" : 0,
      "shouldDisplayMessage" : false,
      "attachmentsCount" : 0
    } ],
    "attachments" : [ ],
    "parameters" : [ ],
    "hasContent" : true,
    "stepsCount" : 1,
    "shouldDisplayMessage" : true,
    "attachmentsCount" : 0
  },
  "afterStages" : [ ],
  "labels" : [ {
    "name" : "package",
    "value" : "AuthorTests"
  }, {
    "name" : "testClass",
    "value" : "AuthorTests"
  }, {
    "name" : "testMethod",
    "value" : "verifySearchBookAuthor"
  }, {
    "name" : "parentSuite",
    "value" : "Default Suite"
  }, {
    "name" : "suite",
    "value" : "TA_SS_REST_test_framework"
  }, {
    "name" : "subSuite",
    "value" : "AuthorTests"
  }, {
    "name" : "host",
    "value" : "Kompukter"
  }, {
    "name" : "thread",
    "value" : "11596@Kompukter.main(1)"
  }, {
    "name" : "framework",
    "value" : "testng"
  }, {
    "name" : "language",
    "value" : "java"
  }, {
    "name" : "resultFormat",
    "value" : "allure2"
  } ],
  "parameters" : [ {
    "name" : "arg0",
    "value" : "288"
  } ],
  "links" : [ ],
  "hidden" : false,
  "retry" : false,
  "extra" : {
    "severity" : "normal",
    "retries" : [ {
      "uid" : "712397dd8332dabe",
      "status" : "passed",
      "time" : {
        "start" : 1629059789513,
        "stop" : 1629059789537,
        "duration" : 24
      }
    }, {
      "uid" : "b90e63d4ae3375bc",
      "status" : "passed",
      "time" : {
        "start" : 1629059333692,
        "stop" : 1629059333715,
        "duration" : 23
      }
    }, {
      "uid" : "89d052363fbc4793",
      "status" : "passed",
      "time" : {
        "start" : 1629059191365,
        "stop" : 1629059191388,
        "duration" : 23
      }
    }, {
      "uid" : "10aadc79854cc630",
      "status" : "passed",
      "time" : {
        "start" : 1629058752787,
        "stop" : 1629058752806,
        "duration" : 19
      }
    }, {
      "uid" : "65006934d75633b2",
      "status" : "passed",
      "time" : {
        "start" : 1629058505583,
        "stop" : 1629058505605,
        "duration" : 22
      }
    }, {
      "uid" : "89ae0119c90c1e73",
      "status" : "passed",
      "time" : {
        "start" : 1629058371924,
        "stop" : 1629058371944,
        "duration" : 20
      }
    }, {
      "uid" : "73191471fa39464",
      "status" : "passed",
      "time" : {
        "start" : 1629057048520,
        "stop" : 1629057048549,
        "duration" : 29
      }
    } ],
    "categories" : [ {
      "name" : "Product defects",
      "matchedStatuses" : [ "failed" ],
      "flaky" : false
    } ],
    "tags" : [ ]
  },
  "source" : "b00b8c4b996fda16.json",
  "parameterValues" : [ "288" ]
}