{
  "uid" : "bbe2eeacd13c3486",
  "name" : "verifySearchBookAuthor",
  "fullName" : "AuthorTests.verifySearchBookAuthor",
  "historyId" : "3e70bedbc190d3b76040e5dd4a23a93d",
  "time" : {
    "start" : 1629104549210,
    "stop" : 1629104549228,
    "duration" : 18
  },
  "status" : "failed",
  "statusMessage" : "\nStatus code is: '404'\nResponse: '{\"timeStamp\":\"12:02:29.225 16-08-2021\",\"statusCode\":404,\"error\":\"Not Found\",\"errorMessage\":\"Book with 'bookId' = '355' doesn't exist!\"}' expected [200] but found [404]",
  "statusTrace" : "java.lang.AssertionError: \nStatus code is: '404'\nResponse: '{\"timeStamp\":\"12:02:29.225 16-08-2021\",\"statusCode\":404,\"error\":\"Not Found\",\"errorMessage\":\"Book with 'bookId' = '355' doesn't exist!\"}' expected [200] but found [404]\r\n\tat org.testng.Assert.fail(Assert.java:99)\r\n\tat org.testng.Assert.failNotEquals(Assert.java:1037)\r\n\tat org.testng.Assert.assertEqualsImpl(Assert.java:140)\r\n\tat org.testng.Assert.assertEquals(Assert.java:122)\r\n\tat org.testng.Assert.assertEquals(Assert.java:907)\r\n\tat BaseTest.verifyResponse(BaseTest.java:35)\r\n\tat AuthorTests.verifySearchBookAuthor(AuthorTests.java:68)\r\n\tat sun.reflect.NativeMethodAccessorImpl.invoke0(Native Method)\r\n\tat sun.reflect.NativeMethodAccessorImpl.invoke(NativeMethodAccessorImpl.java:62)\r\n\tat sun.reflect.DelegatingMethodAccessorImpl.invoke(DelegatingMethodAccessorImpl.java:43)\r\n\tat java.lang.reflect.Method.invoke(Method.java:498)\r\n\tat org.testng.internal.MethodInvocationHelper.invokeMethod(MethodInvocationHelper.java:133)\r\n\tat org.testng.internal.TestInvoker.invokeMethod(TestInvoker.java:598)\r\n\tat org.testng.internal.TestInvoker.invokeTestMethod(TestInvoker.java:173)\r\n\tat org.testng.internal.MethodRunner.runInSequence(MethodRunner.java:46)\r\n\tat org.testng.internal.TestInvoker$MethodInvocationAgent.invoke(TestInvoker.java:824)\r\n\tat org.testng.internal.TestInvoker.invokeTestMethods(TestInvoker.java:146)\r\n\tat org.testng.internal.TestMethodWorker.invokeTestMethods(TestMethodWorker.java:146)\r\n\tat org.testng.internal.TestMethodWorker.run(TestMethodWorker.java:128)\r\n\tat java.util.ArrayList.forEach(ArrayList.java:1257)\r\n\tat org.testng.TestRunner.privateRun(TestRunner.java:794)\r\n\tat org.testng.TestRunner.run(TestRunner.java:596)\r\n\tat org.testng.SuiteRunner.runTest(SuiteRunner.java:377)\r\n\tat org.testng.SuiteRunner.runSequentially(SuiteRunner.java:371)\r\n\tat org.testng.SuiteRunner.privateRun(SuiteRunner.java:332)\r\n\tat org.testng.SuiteRunner.run(SuiteRunner.java:276)\r\n\tat org.testng.SuiteRunnerWorker.runSuite(SuiteRunnerWorker.java:53)\r\n\tat org.testng.SuiteRunnerWorker.run(SuiteRunnerWorker.java:96)\r\n\tat org.testng.TestNG.runSuitesSequentially(TestNG.java:1212)\r\n\tat org.testng.TestNG.runSuitesLocally(TestNG.java:1134)\r\n\tat org.testng.TestNG.runSuites(TestNG.java:1063)\r\n\tat org.testng.TestNG.run(TestNG.java:1031)\r\n\tat com.intellij.rt.testng.IDEARemoteTestNG.run(IDEARemoteTestNG.java:66)\r\n\tat com.intellij.rt.testng.RemoteTestNGStarter.main(RemoteTestNGStarter.java:110)\r\n",
  "flaky" : false,
  "newFailed" : false,
  "beforeStages" : [ {
    "name" : "beforeMethod",
    "time" : {
      "start" : 1629104544556,
      "stop" : 1629104545507,
      "duration" : 951
    },
    "description" : "",
    "status" : "passed",
    "steps" : [ ],
    "attachments" : [ ],
    "parameters" : [ ],
    "hasContent" : false,
    "stepsCount" : 0,
    "shouldDisplayMessage" : false,
    "attachmentsCount" : 0
  } ],
  "testStage" : {
    "status" : "failed",
    "statusMessage" : "\nStatus code is: '404'\nResponse: '{\"timeStamp\":\"12:02:29.225 16-08-2021\",\"statusCode\":404,\"error\":\"Not Found\",\"errorMessage\":\"Book with 'bookId' = '355' doesn't exist!\"}' expected [200] but found [404]",
    "statusTrace" : "java.lang.AssertionError: \nStatus code is: '404'\nResponse: '{\"timeStamp\":\"12:02:29.225 16-08-2021\",\"statusCode\":404,\"error\":\"Not Found\",\"errorMessage\":\"Book with 'bookId' = '355' doesn't exist!\"}' expected [200] but found [404]\r\n\tat org.testng.Assert.fail(Assert.java:99)\r\n\tat org.testng.Assert.failNotEquals(Assert.java:1037)\r\n\tat org.testng.Assert.assertEqualsImpl(Assert.java:140)\r\n\tat org.testng.Assert.assertEquals(Assert.java:122)\r\n\tat org.testng.Assert.assertEquals(Assert.java:907)\r\n\tat BaseTest.verifyResponse(BaseTest.java:35)\r\n\tat AuthorTests.verifySearchBookAuthor(AuthorTests.java:68)\r\n\tat sun.reflect.NativeMethodAccessorImpl.invoke0(Native Method)\r\n\tat sun.reflect.NativeMethodAccessorImpl.invoke(NativeMethodAccessorImpl.java:62)\r\n\tat sun.reflect.DelegatingMethodAccessorImpl.invoke(DelegatingMethodAccessorImpl.java:43)\r\n\tat java.lang.reflect.Method.invoke(Method.java:498)\r\n\tat org.testng.internal.MethodInvocationHelper.invokeMethod(MethodInvocationHelper.java:133)\r\n\tat org.testng.internal.TestInvoker.invokeMethod(TestInvoker.java:598)\r\n\tat org.testng.internal.TestInvoker.invokeTestMethod(TestInvoker.java:173)\r\n\tat org.testng.internal.MethodRunner.runInSequence(MethodRunner.java:46)\r\n\tat org.testng.internal.TestInvoker$MethodInvocationAgent.invoke(TestInvoker.java:824)\r\n\tat org.testng.internal.TestInvoker.invokeTestMethods(TestInvoker.java:146)\r\n\tat org.testng.internal.TestMethodWorker.invokeTestMethods(TestMethodWorker.java:146)\r\n\tat org.testng.internal.TestMethodWorker.run(TestMethodWorker.java:128)\r\n\tat java.util.ArrayList.forEach(ArrayList.java:1257)\r\n\tat org.testng.TestRunner.privateRun(TestRunner.java:794)\r\n\tat org.testng.TestRunner.run(TestRunner.java:596)\r\n\tat org.testng.SuiteRunner.runTest(SuiteRunner.java:377)\r\n\tat org.testng.SuiteRunner.runSequentially(SuiteRunner.java:371)\r\n\tat org.testng.SuiteRunner.privateRun(SuiteRunner.java:332)\r\n\tat org.testng.SuiteRunner.run(SuiteRunner.java:276)\r\n\tat org.testng.SuiteRunnerWorker.runSuite(SuiteRunnerWorker.java:53)\r\n\tat org.testng.SuiteRunnerWorker.run(SuiteRunnerWorker.java:96)\r\n\tat org.testng.TestNG.runSuitesSequentially(TestNG.java:1212)\r\n\tat org.testng.TestNG.runSuitesLocally(TestNG.java:1134)\r\n\tat org.testng.TestNG.runSuites(TestNG.java:1063)\r\n\tat org.testng.TestNG.run(TestNG.java:1031)\r\n\tat com.intellij.rt.testng.IDEARemoteTestNG.run(IDEARemoteTestNG.java:66)\r\n\tat com.intellij.rt.testng.RemoteTestNGStarter.main(RemoteTestNGStarter.java:110)\r\n",
    "steps" : [ {
      "name" : "getEntityOfAnotherSpecialEntity",
      "time" : {
        "start" : 1629104549210,
        "stop" : 1629104549227,
        "duration" : 17
      },
      "status" : "passed",
      "steps" : [ ],
      "attachments" : [ ],
      "parameters" : [ {
        "name" : "entity",
        "value" : "author"
      }, {
        "name" : "specEntity",
        "value" : "book"
      }, {
        "name" : "specEntityId",
        "value" : "355"
      } ],
      "hasContent" : true,
      "stepsCount" : 0,
      "shouldDisplayMessage" : false,
      "attachmentsCount" : 0
    } ],
    "attachments" : [ ],
    "parameters" : [ ],
    "hasContent" : true,
    "stepsCount" : 1,
    "shouldDisplayMessage" : true,
    "attachmentsCount" : 0
  },
  "afterStages" : [ ],
  "labels" : [ {
    "name" : "package",
    "value" : "AuthorTests"
  }, {
    "name" : "testClass",
    "value" : "AuthorTests"
  }, {
    "name" : "testMethod",
    "value" : "verifySearchBookAuthor"
  }, {
    "name" : "parentSuite",
    "value" : "Default Suite"
  }, {
    "name" : "suite",
    "value" : "TA_SS_REST_test_framework"
  }, {
    "name" : "subSuite",
    "value" : "AuthorTests"
  }, {
    "name" : "host",
    "value" : "Kompukter"
  }, {
    "name" : "thread",
    "value" : "11596@Kompukter.main(1)"
  }, {
    "name" : "framework",
    "value" : "testng"
  }, {
    "name" : "language",
    "value" : "java"
  }, {
    "name" : "resultFormat",
    "value" : "allure2"
  } ],
  "parameters" : [ {
    "name" : "arg0",
    "value" : "355"
  } ],
  "links" : [ ],
  "hidden" : false,
  "retry" : false,
  "extra" : {
    "severity" : "normal",
    "retries" : [ {
      "uid" : "da2452a6cef4301a",
      "status" : "passed",
      "time" : {
        "start" : 1629059789566,
        "stop" : 1629059789590,
        "duration" : 24
      }
    }, {
      "uid" : "640c5b9b2737e828",
      "status" : "passed",
      "time" : {
        "start" : 1629059333741,
        "stop" : 1629059333759,
        "duration" : 18
      }
    }, {
      "uid" : "d04c3788f73469d1",
      "status" : "passed",
      "time" : {
        "start" : 1629059191422,
        "stop" : 1629059191444,
        "duration" : 22
      }
    }, {
      "uid" : "7e143b24774d6bae",
      "status" : "passed",
      "time" : {
        "start" : 1629058752830,
        "stop" : 1629058752849,
        "duration" : 19
      }
    }, {
      "uid" : "b8beba7926207eae",
      "status" : "passed",
      "time" : {
        "start" : 1629058505633,
        "stop" : 1629058505650,
        "duration" : 17
      }
    }, {
      "uid" : "16cced024f235fe0",
      "status" : "passed",
      "time" : {
        "start" : 1629058371966,
        "stop" : 1629058371986,
        "duration" : 20
      }
    }, {
      "uid" : "a2197a14a15e07bf",
      "status" : "passed",
      "time" : {
        "start" : 1629057048583,
        "stop" : 1629057048629,
        "duration" : 46
      }
    } ],
    "categories" : [ {
      "name" : "Product defects",
      "matchedStatuses" : [ "failed" ],
      "flaky" : false
    } ],
    "tags" : [ ]
  },
  "source" : "bbe2eeacd13c3486.json",
  "parameterValues" : [ "355" ]
}